[{"name": "major", "cat": "PERF", "ph":"B", "ts":32129232268, "pid": 0, "tid": 0},
{"name": "major_slice", "cat": "PERF", "ph":"B", "ts":32129232269, "pid": 0, "tid": 0},
{"name": "stw_leader", "cat": "PERF", "ph":"B", "ts":32129232274, "pid": 0, "tid": 0},
{"name": "major_gc_phase_change", "cat": "PERF", "ph":"B", "ts":32129232274, "pid": 0, "tid": 0},
{"name": "major_gc_phase_change", "cat": "PERF", "ph":"E", "ts":32129232275, "pid": 0, "tid": 0},
{"name": "stw_leader", "cat": "PERF", "ph":"E", "ts":32129232276, "pid": 0, "tid": 0},
{"name": "finalise_update_first", "cat": "PERF", "ph":"B", "ts":32129232277, "pid": 0, "tid": 0},
{"name": "finalise_update_first", "cat": "PERF", "ph":"E", "ts":32129232277, "pid": 0, "tid": 0},
{"name": "stw_leader", "cat": "PERF", "ph":"B", "ts":32129232278, "pid": 0, "tid": 0},
{"name": "major_gc_phase_change", "cat": "PERF", "ph":"B", "ts":32129232278, "pid": 0, "tid": 0},
{"name": "major_gc_phase_change", "cat": "PERF", "ph":"E", "ts":32129232278, "pid": 0, "tid": 0},
{"name": "stw_leader", "cat": "PERF", "ph":"E", "ts":32129232278, "pid": 0, "tid": 0},
{"name": "finalise_update_last", "cat": "PERF", "ph":"B", "ts":32129232279, "pid": 0, "tid": 0},
{"name": "finalise_update_last", "cat": "PERF", "ph":"E", "ts":32129232279, "pid": 0, "tid": 0},
{"name": "major_slice", "cat": "PERF", "ph":"E", "ts":32129232279, "pid": 0, "tid": 0},
{"name": "stw_leader", "cat": "PERF", "ph":"B", "ts":32129232279, "pid": 0, "tid": 0},
{"name": "major_gc_cycle_domains", "cat": "PERF", "ph":"B", "ts":32129232280, "pid": 0, "tid": 0},
{"name": "minor", "cat": "PERF", "ph":"B", "ts":32129232281, "pid": 0, "tid": 0},
{"name": "minor_global_roots", "cat": "PERF", "ph":"B", "ts":32129232281, "pid": 0, "tid": 0},
{"name": "minor_global_roots", "cat": "PERF", "ph":"E", "ts":32129232386, "pid": 0, "tid": 0},
{"name": "minor_remembered_set", "cat": "PERF", "ph":"B", "ts":32129232386, "pid": 0, "tid": 0},
{"name": "minor_finalizers_oldify", "cat": "PERF", "ph":"B", "ts":32129232388, "pid": 0, "tid": 0},
{"name": "minor_finalizers_oldify", "cat": "PERF", "ph":"E", "ts":32129232388, "pid": 0, "tid": 0},
{"name": "minor_remembered_set_promote", "cat": "PERF", "ph":"B", "ts":32129232388, "pid": 0, "tid": 0},
{"name": "minor_remembered_set_promote", "cat": "PERF", "ph":"E", "ts":32129232388, "pid": 0, "tid": 0},
{"name": "minor_remembered_set", "cat": "PERF", "ph":"E", "ts":32129232388, "pid": 0, "tid": 0},
{"name": "minor_finalizers_admin", "cat": "PERF", "ph":"B", "ts":32129232389, "pid": 0, "tid": 0},
{"name": "minor_finalizers_admin", "cat": "PERF", "ph":"E", "ts":32129232389, "pid": 0, "tid": 0},
{"name": "minor_local_roots", "cat": "PERF", "ph":"B", "ts":32129232389, "pid": 0, "tid": 0},
{"name": "minor_local_roots_promote", "cat": "PERF", "ph":"B", "ts":32129232390, "pid": 0, "tid": 0},
{"name": "minor_local_roots_promote", "cat": "PERF", "ph":"E", "ts":32129232390, "pid": 0, "tid": 0},
{"name": "minor_local_roots", "cat": "PERF", "ph":"E", "ts":32129232391, "pid": 0, "tid": 0},
{"name": "minor", "cat": "PERF", "ph":"E", "ts":32129232391, "pid": 0, "tid": 0},
{"name": "minor_clear", "cat": "PERF", "ph":"B", "ts":32129232392, "pid": 0, "tid": 0},
{"name": "minor_clear", "cat": "PERF", "ph":"E", "ts":32129232392, "pid": 0, "tid": 0},
{"name": "major_gc_stw", "cat": "PERF", "ph":"B", "ts":32129232392, "pid": 0, "tid": 0},
{"name": "major_mark_roots", "cat": "PERF", "ph":"B", "ts":32129232394, "pid": 0, "tid": 0},
{"name": "major_mark_roots", "cat": "PERF", "ph":"E", "ts":32129232422, "pid": 0, "tid": 0},
{"name": "major_gc_stw", "cat": "PERF", "ph":"E", "ts":32129232423, "pid": 0, "tid": 0},
{"name": "major_gc_cycle_domains", "cat": "PERF", "ph":"E", "ts":32129232423, "pid": 0, "tid": 0},
{"name": "stw_leader", "cat": "PERF", "ph":"E", "ts":32129232423, "pid": 0, "tid": 0},
{"name": "major", "cat": "PERF", "ph":"E", "ts":32129232424, "pid": 0, "tid": 0},
{"name": "major", "cat": "PERF", "ph":"B", "ts":32129232436, "pid": 0, "tid": 0},
{"name": "major_slice", "cat": "PERF", "ph":"B", "ts":32129232437, "pid": 0, "tid": 0},
{"name": "major_sweep", "cat": "PERF", "ph":"B", "ts":32129232437, "pid": 0, "tid": 0},
{"name": "major_sweep", "cat": "PERF", "ph":"E", "ts":32129232450, "pid": 0, "tid": 0},
{"name": "major_slice", "cat": "PERF", "ph":"E", "ts":32129232451, "pid": 0, "tid": 0},
{"name": "major", "cat": "PERF", "ph":"E", "ts":32129232451, "pid": 0, "tid": 0},
